{
  "RSpec": {
    "coverage": {
      "/Users/nick/Turing/4mod/projects/tea_subscription/app/models/customer.rb": {
        "lines": [
          1,
          1,
          1,
          null
        ]
      },
      "/Users/nick/Turing/4mod/projects/tea_subscription/app/models/application_record.rb": {
        "lines": [
          1,
          1,
          null
        ]
      },
      "/Users/nick/Turing/4mod/projects/tea_subscription/app/models/subscription.rb": {
        "lines": [
          1,
          1,
          1,
          1,
          null,
          1,
          1,
          null
        ]
      },
      "/Users/nick/Turing/4mod/projects/tea_subscription/app/models/tea.rb": {
        "lines": [
          1,
          1,
          1,
          null
        ]
      },
      "/Users/nick/Turing/4mod/projects/tea_subscription/app/controllers/api/v1/subscriptions_controller.rb": {
        "lines": [
          1,
          null,
          1,
          3,
          2,
          2,
          1,
          null,
          1,
          null,
          null,
          1,
          null,
          null,
          null,
          1,
          3,
          3,
          1,
          null,
          2,
          null,
          null,
          null,
          1,
          3,
          1,
          null,
          2,
          1,
          1,
          1,
          null,
          1,
          null,
          null,
          null,
          null,
          1,
          1,
          4,
          null,
          null,
          null
        ]
      },
      "/Users/nick/Turing/4mod/projects/tea_subscription/app/controllers/application_controller.rb": {
        "lines": [
          1,
          null
        ]
      },
      "/Users/nick/Turing/4mod/projects/tea_subscription/app/serializers/subscription_serializer.rb": {
        "lines": [
          1,
          1,
          1,
          null
        ]
      }
    },
    "timestamp": 1663704514
  }
}
